<?xml version="1.0" encoding="UTF-8"?>
<testng-results ignored="0" total="3" passed="3" failed="0" skipped="0">
  <reporter-output>
  </reporter-output>
  <suite started-at="2025-03-13T14:32:47 IST" name="TestNGSuite" finished-at="2025-03-13T14:32:47 IST" duration-ms="151">
    <groups>
    </groups>
    <test started-at="2025-03-13T14:32:47 IST" name="all in one" finished-at="2025-03-13T14:32:47 IST" duration-ms="151">
      <class name="com.koenig.TestNGXMLExample.Module2">
        <test-method signature="test3()[pri:0, instance:com.koenig.TestNGXMLExample.Module2@61862a7f]" started-at="2025-03-13T14:32:47 IST" name="test3" finished-at="2025-03-13T14:32:47 IST" duration-ms="4" status="PASS">
          <reporter-output>
          </reporter-output>
        </test-method> <!-- test3 -->
      </class> <!-- com.koenig.TestNGXMLExample.Module2 -->
      <class name="com.koenig.TestNGXMLExample.Module1">
        <test-method signature="test1()[pri:0, instance:com.koenig.TestNGXMLExample.Module1@479d31f3]" started-at="2025-03-13T14:32:47 IST" name="test1" finished-at="2025-03-13T14:32:47 IST" duration-ms="26" status="PASS">
          <reporter-output>
          </reporter-output>
        </test-method> <!-- test1 -->
        <test-method signature="test2()[pri:0, instance:com.koenig.TestNGXMLExample.Module1@479d31f3]" started-at="2025-03-13T14:32:47 IST" name="test2" finished-at="2025-03-13T14:32:47 IST" duration-ms="6" status="PASS">
          <reporter-output>
          </reporter-output>
        </test-method> <!-- test2 -->
      </class> <!-- com.koenig.TestNGXMLExample.Module1 -->
    </test> <!-- all in one -->
  </suite> <!-- TestNGSuite -->
</testng-results>
