<?xml version="1.0" encoding="UTF-8"?>
<!-- Generated by org.testng.reporters.JUnitXMLReporter -->
<testsuite ignored="0" hostname="Sourabh" failures="0" tests="3" name="all in one" time="0.151" errors="0" timestamp="2025-03-13T14:32:47 IST">
  <testcase classname="com.koenig.TestNGXMLExample.Module1" name="test1" time="0.026"/>
  <testcase classname="com.koenig.TestNGXMLExample.Module1" name="test2" time="0.006"/>
  <testcase classname="com.koenig.TestNGXMLExample.Module2" name="test3" time="0.004"/>
</testsuite> <!-- all in one -->
