<?xml version="1.0" encoding="UTF-8"?>
<testng-results ignored="0" total="2" passed="2" failed="0" skipped="0">
  <reporter-output>
  </reporter-output>
  <suite started-at="2025-03-13T14:23:05 IST" name="Default suite" finished-at="2025-03-13T14:23:05 IST" duration-ms="84">
    <groups>
    </groups>
    <test started-at="2025-03-13T14:23:05 IST" name="Default test" finished-at="2025-03-13T14:23:05 IST" duration-ms="84">
      <class name="com.koenig.example.TestNG.Module1">
        <test-method signature="test1()[pri:0, instance:com.koenig.example.TestNG.Module1@333291e3]" started-at="2025-03-13T14:23:05 IST" name="test1" finished-at="2025-03-13T14:23:05 IST" duration-ms="16" status="PASS">
          <reporter-output>
          </reporter-output>
        </test-method> <!-- test1 -->
        <test-method signature="test2()[pri:0, instance:com.koenig.example.TestNG.Module1@333291e3]" started-at="2025-03-13T14:23:05 IST" name="test2" finished-at="2025-03-13T14:23:05 IST" duration-ms="2" status="PASS">
          <reporter-output>
          </reporter-output>
        </test-method> <!-- test2 -->
      </class> <!-- com.koenig.example.TestNG.Module1 -->
    </test> <!-- Default test -->
  </suite> <!-- Default suite -->
</testng-results>
